<?xml version="1.0" encoding="UTF-8" ?>
<testsuite tests="32" failures="0" name="com.project.app.ControllerTestCase" time="6.53" errors="0" skipped="0">
  <properties>
[...]
</properties>
  <testcase classname="com.project.app.ControllerTestCase" name="getUserByIdHappyFace" time="0.666"/>
  <testcase classname="com.project.app.ControllerTestCase" name="getProjectUpdateSadFace" time="0.251"/>
  <testcase classname="com.project.app.ControllerTestCase" name="getUserDeleteByIdSadFace" time="0.013"/>
  <testcase classname="com.project.app.ControllerTestCase" name="getParentDeleteByIdHappyFace" time="0"/>
  <testcase classname="com.project.app.ControllerTestCase" name="getParentByIdHappyFace" time="0.108"/>
  <testcase classname="com.project.app.ControllerTestCase" name="getParentHappyFace" time="2.885"/>
  <testcase classname="com.project.app.ControllerTestCase" name="getTaskHappyFace" time="0.132"/>
  <testcase classname="com.project.app.ControllerTestCase" name="getUserHappyFace" time="0.033"/>
  <testcase classname="com.project.app.ControllerTestCase" name="getParentByIdSadFace" time="0.072"/>
  <testcase classname="com.project.app.ControllerTestCase" name="getParentDeleteByIdSadFace" time="0.113"/>
  <testcase classname="com.project.app.ControllerTestCase" name="getUserUpdateSadFace" time="1.245"/>
  <testcase classname="com.project.app.ControllerTestCase" name="getUserCreateHappyFace" time="0.439"/>
  <testcase classname="com.project.app.ControllerTestCase" name="getParentUpdateHappyFace" time="0"/>
  <testcase classname="com.project.app.ControllerTestCase" name="getTaskDeleteByIdHappyFace" time="0"/>
  <testcase classname="com.project.app.ControllerTestCase" name="getParentUpdateSadFace" time="0.001"/>
  <testcase classname="com.project.app.ControllerTestCase" name="getProjectDeleteByIdHappyFace" time="0.018"/>
  <testcase classname="com.project.app.ControllerTestCase" name="getProjectUpdateHappyFace" time="0.184"/>
  <testcase classname="com.project.app.ControllerTestCase" name="getTaskByIdSadFace" time="0"/>
  <testcase classname="com.project.app.ControllerTestCase" name="getProjectDeleteByIdSadFace" time="0"/>
  <testcase classname="com.project.app.ControllerTestCase" name="getTaskUpdateHappyFace" time="0.022"/>
  <testcase classname="com.project.app.ControllerTestCase" name="getTaskByIdHappyFace" time="0.005"/>
  <testcase classname="com.project.app.ControllerTestCase" name="getTaskDeleteByIdSadFace" time="0.03"/>
  <testcase classname="com.project.app.ControllerTestCase" name="getParentCreateHappyFace" time="0"/>
  <testcase classname="com.project.app.ControllerTestCase" name="getUserDeleteByIdHappyFace" time="0"/>
  <testcase classname="com.project.app.ControllerTestCase" name="getProjectByIdHappyFace" time="0.001"/>
  <testcase classname="com.project.app.ControllerTestCase" name="getProjectHappyFace" time="0"/>
  <testcase classname="com.project.app.ControllerTestCase" name="getProjectCreateHappyFace" time="0"/>
  <testcase classname="com.project.app.ControllerTestCase" name="getProjectByIdSadFace" time="0.059"/>
  <testcase classname="com.project.app.ControllerTestCase" name="getTaskUpdateSadFace" time="0.032"/>
  <testcase classname="com.project.app.ControllerTestCase" name="getTaskCreateHappyFace" time="0.035"/>
  <testcase classname="com.project.app.ControllerTestCase" name="getUserUpdateHappyFace" time="0.067"/>
  <testcase classname="com.project.app.ControllerTestCase" name="getUserByIdSadFace" time="0.119"/>
</testsuite>